<?xml version="1.0" encoding="UTF-8"?>
<coverage generated="1770502147107" clover="3.2.0">
  <project timestamp="1770502147107" name="All files">
    <metrics statements="91" coveredstatements="90" conditionals="73" coveredconditionals="67" methods="14" coveredmethods="14" elements="178" coveredelements="171" complexity="0" loc="91" ncloc="91" packages="2" files="4" classes="4"/>
    <package name="services">
      <metrics statements="43" coveredstatements="42" conditionals="35" coveredconditionals="30" methods="7" coveredmethods="7"/>
      <file name="aiService.js" path="C:\Users\AndreaFiorucci\Documents\Progetti\Fjordo\party-song-guess\app\server\services\aiService.js">
        <metrics statements="12" coveredstatements="12" conditionals="6" coveredconditionals="6" methods="1" coveredmethods="1"/>
        <line num="1" count="2" type="stmt"/>
        <line num="4" count="2" type="stmt"/>
        <line num="8" count="16" type="stmt"/>
        <line num="10" count="16" type="stmt"/>
        <line num="18" count="16" type="stmt"/>
        <line num="27" count="16" type="stmt"/>
        <line num="28" count="16" type="stmt"/>
        <line num="29" count="14" type="stmt"/>
        <line num="30" count="14" type="stmt"/>
        <line num="32" count="3" type="stmt"/>
        <line num="33" count="3" type="stmt"/>
        <line num="37" count="2" type="stmt"/>
      </file>
      <file name="musicService.js" path="C:\Users\AndreaFiorucci\Documents\Progetti\Fjordo\party-song-guess\app\server\services\musicService.js">
        <metrics statements="31" coveredstatements="30" conditionals="29" coveredconditionals="24" methods="6" coveredmethods="6"/>
        <line num="1" count="3" type="stmt"/>
        <line num="2" count="3" type="stmt"/>
        <line num="6" count="7" type="stmt"/>
        <line num="7" count="7" type="stmt"/>
        <line num="16" count="6" type="stmt"/>
        <line num="17" count="6" type="cond" truecount="4" falsecount="0"/>
        <line num="19" count="5" type="cond" truecount="2" falsecount="0"/>
        <line num="20" count="1" type="stmt"/>
        <line num="21" count="3" type="cond" truecount="4" falsecount="2"/>
        <line num="22" count="3" type="stmt"/>
        <line num="24" count="1" type="cond" truecount="1" falsecount="1"/>
        <line num="25" count="0" type="stmt"/>
        <line num="30" count="5" type="cond" truecount="2" falsecount="0"/>
        <line num="31" count="1" type="stmt"/>
        <line num="32" count="518" type="stmt"/>
        <line num="34" count="10" type="stmt"/>
        <line num="35" count="4" type="stmt"/>
        <line num="38" count="16" type="stmt"/>
        <line num="45" count="1" type="stmt"/>
        <line num="46" count="1" type="stmt"/>
        <line num="53" count="16" type="stmt"/>
        <line num="56" count="16" type="cond" truecount="2" falsecount="0"/>
        <line num="59" count="16" type="stmt"/>
        <line num="61" count="16" type="stmt"/>
        <line num="71" count="14" type="cond" truecount="4" falsecount="0"/>
        <line num="72" count="13" type="stmt"/>
        <line num="75" count="13" type="cond" truecount="2" falsecount="0"/>
        <line num="77" count="9" type="stmt"/>
        <line num="84" count="1" type="stmt"/>
        <line num="88" count="2" type="stmt"/>
        <line num="94" count="3" type="stmt"/>
      </file>
    </package>
    <package name="utils">
      <metrics statements="48" coveredstatements="48" conditionals="38" coveredconditionals="37" methods="7" coveredmethods="7"/>
      <file name="checkAnswer.js" path="C:\Users\AndreaFiorucci\Documents\Progetti\Fjordo\party-song-guess\app\server\utils\checkAnswer.js">
        <metrics statements="29" coveredstatements="29" conditionals="24" coveredconditionals="23" methods="5" coveredmethods="5"/>
        <line num="8" count="90" type="cond" truecount="4" falsecount="0"/>
        <line num="11" count="81" type="stmt"/>
        <line num="12" count="162" type="stmt"/>
        <line num="20" count="81" type="stmt"/>
        <line num="21" count="81" type="stmt"/>
        <line num="23" count="81" type="cond" truecount="4" falsecount="0"/>
        <line num="26" count="79" type="cond" truecount="2" falsecount="0"/>
        <line num="27" count="36" type="cond" truecount="4" falsecount="0"/>
        <line num="30" count="18" type="stmt"/>
        <line num="31" count="18" type="stmt"/>
        <line num="32" count="37" type="stmt"/>
        <line num="33" count="18" type="cond" truecount="4" falsecount="0"/>
        <line num="34" count="6" type="stmt"/>
        <line num="38" count="12" type="stmt"/>
        <line num="39" count="12" type="stmt"/>
        <line num="40" count="12" type="stmt"/>
        <line num="41" count="12" type="cond" truecount="3" falsecount="1"/>
        <line num="43" count="97" type="stmt"/>
        <line num="44" count="97" type="stmt"/>
        <line num="45" count="106" type="stmt"/>
        <line num="47" count="12" type="stmt"/>
        <line num="48" count="85" type="stmt"/>
        <line num="49" count="776" type="cond" truecount="2" falsecount="0"/>
        <line num="50" count="776" type="stmt"/>
        <line num="58" count="12" type="stmt"/>
        <line num="59" count="12" type="stmt"/>
        <line num="60" count="12" type="stmt"/>
        <line num="64" count="12" type="stmt"/>
        <line num="67" count="2" type="stmt"/>
      </file>
      <file name="languageDetection.js" path="C:\Users\AndreaFiorucci\Documents\Progetti\Fjordo\party-song-guess\app\server\utils\languageDetection.js">
        <metrics statements="19" coveredstatements="19" conditionals="14" coveredconditionals="14" methods="2" coveredmethods="2"/>
        <line num="7" count="52" type="cond" truecount="2" falsecount="0"/>
        <line num="8" count="49" type="stmt"/>
        <line num="9" count="49" type="stmt"/>
        <line num="11" count="49" type="stmt"/>
        <line num="13" count="49" type="stmt"/>
        <line num="14" count="49" type="stmt"/>
        <line num="15" count="49" type="stmt"/>
        <line num="17" count="49" type="stmt"/>
        <line num="18" count="129" type="cond" truecount="2" falsecount="0"/>
        <line num="19" count="129" type="cond" truecount="2" falsecount="0"/>
        <line num="20" count="129" type="cond" truecount="2" falsecount="0"/>
        <line num="24" count="49" type="cond" truecount="2" falsecount="0"/>
        <line num="25" count="49" type="cond" truecount="2" falsecount="0"/>
        <line num="27" count="49" type="stmt"/>
        <line num="28" count="137" type="stmt"/>
        <line num="29" count="49" type="stmt"/>
        <line num="30" count="49" type="cond" truecount="2" falsecount="0"/>
        <line num="31" count="44" type="stmt"/>
        <line num="34" count="3" type="stmt"/>
      </file>
    </package>
  </project>
</coverage>
