{"C:\\Users\\AndreaFiorucci\\Documents\\Progetti\\Fjordo\\party-song-guess\\app\\server\\services\\aiService.js": {"path":"C:\\Users\\AndreaFiorucci\\Documents\\Progetti\\Fjordo\\party-song-guess\\app\\server\\services\\aiService.js","statementMap":{"0":{"start":{"line":1,"column":31},"end":{"line":1,"column":63}},"1":{"start":{"line":4,"column":14},"end":{"line":4,"column":64}},"2":{"start":{"line":8,"column":22},"end":{"line":8,"column":44}},"3":{"start":{"line":10,"column":18},"end":{"line":16,"column":6}},"4":{"start":{"line":18,"column":19},"end":{"line":25,"column":67}},"5":{"start":{"line":27,"column":4},"end":{"line":34,"column":5}},"6":{"start":{"line":28,"column":23},"end":{"line":28,"column":58}},"7":{"start":{"line":29,"column":25},"end":{"line":29,"column":40}},"8":{"start":{"line":30,"column":8},"end":{"line":30,"column":43}},"9":{"start":{"line":32,"column":8},"end":{"line":32,"column":46}},"10":{"start":{"line":33,"column":8},"end":{"line":33,"column":18}},"11":{"start":{"line":37,"column":0},"end":{"line":37,"column":39}}},"fnMap":{"0":{"name":"getSongListFromAI","decl":{"start":{"line":6,"column":15},"end":{"line":6,"column":32}},"loc":{"start":{"line":6,"column":82},"end":{"line":35,"column":1}},"line":6}},"branchMap":{"0":{"loc":{"start":{"line":20,"column":26},"end":{"line":20,"column":47}},"type":"binary-expr","locations":[{"start":{"line":20,"column":26},"end":{"line":20,"column":32}},{"start":{"line":20,"column":36},"end":{"line":20,"column":47}}],"line":20},"1":{"loc":{"start":{"line":21,"column":16},"end":{"line":21,"column":39}},"type":"binary-expr","locations":[{"start":{"line":21,"column":16},"end":{"line":21,"column":24}},{"start":{"line":21,"column":28},"end":{"line":21,"column":39}}],"line":21},"2":{"loc":{"start":{"line":22,"column":40},"end":{"line":22,"column":177}},"type":"cond-expr","locations":[{"start":{"line":22,"column":64},"end":{"line":22,"column":132}},{"start":{"line":22,"column":135},"end":{"line":22,"column":177}}],"line":22}},"s":{"0":2,"1":2,"2":16,"3":16,"4":16,"5":16,"6":16,"7":14,"8":14,"9":3,"10":3,"11":2},"f":{"0":16},"b":{"0":[16,1],"1":[16,3],"2":[3,13]},"_coverageSchema":"1a1c01bbd47fc00a2c39e90264f33305004495a9","hash":"a60aa862eb5cb99fe53e7f895749fbe8e34edc43"}
,"C:\\Users\\AndreaFiorucci\\Documents\\Progetti\\Fjordo\\party-song-guess\\app\\server\\services\\musicService.js": {"path":"C:\\Users\\AndreaFiorucci\\Documents\\Progetti\\Fjordo\\party-song-guess\\app\\server\\services\\musicService.js","statementMap":{"0":{"start":{"line":1,"column":14},"end":{"line":1,"column":30}},"1":{"start":{"line":2,"column":27},"end":{"line":2,"column":64}},"2":{"start":{"line":6,"column":4},"end":{"line":47,"column":5}},"3":{"start":{"line":7,"column":25},"end":{"line":14,"column":10}},"4":{"start":{"line":16,"column":22},"end":{"line":16,"column":43}},"5":{"start":{"line":17,"column":8},"end":{"line":17,"column":56}},"6":{"start":{"line":17,"column":46},"end":{"line":17,"column":56}},"7":{"start":{"line":19,"column":8},"end":{"line":27,"column":9}},"8":{"start":{"line":20,"column":12},"end":{"line":23,"column":15}},"9":{"start":{"line":21,"column":29},"end":{"line":21,"column":108}},"10":{"start":{"line":22,"column":16},"end":{"line":22,"column":57}},"11":{"start":{"line":24,"column":12},"end":{"line":26,"column":13}},"12":{"start":{"line":25,"column":16},"end":{"line":25,"column":48}},"13":{"start":{"line":30,"column":8},"end":{"line":36,"column":9}},"14":{"start":{"line":31,"column":28},"end":{"line":31,"column":49}},"15":{"start":{"line":32,"column":12},"end":{"line":32,"column":79}},"16":{"start":{"line":32,"column":42},"end":{"line":32,"column":61}},"17":{"start":{"line":34,"column":29},"end":{"line":34,"column":68}},"18":{"start":{"line":34,"column":48},"end":{"line":34,"column":67}},"19":{"start":{"line":35,"column":12},"end":{"line":35,"column":48}},"20":{"start":{"line":38,"column":8},"end":{"line":43,"column":12}},"21":{"start":{"line":38,"column":37},"end":{"line":43,"column":9}},"22":{"start":{"line":45,"column":8},"end":{"line":45,"column":62}},"23":{"start":{"line":46,"column":8},"end":{"line":46,"column":18}},"24":{"start":{"line":53,"column":4},"end":{"line":89,"column":5}},"25":{"start":{"line":56,"column":25},"end":{"line":56,"column":76}},"26":{"start":{"line":59,"column":8},"end":{"line":59,"column":69}},"27":{"start":{"line":61,"column":25},"end":{"line":69,"column":10}},"28":{"start":{"line":71,"column":8},"end":{"line":83,"column":9}},"29":{"start":{"line":72,"column":26},"end":{"line":72,"column":50}},"30":{"start":{"line":75,"column":12},"end":{"line":75,"column":47}},"31":{"start":{"line":75,"column":35},"end":{"line":75,"column":47}},"32":{"start":{"line":77,"column":12},"end":{"line":82,"column":14}},"33":{"start":{"line":84,"column":8},"end":{"line":84,"column":20}},"34":{"start":{"line":88,"column":8},"end":{"line":88,"column":20}},"35":{"start":{"line":94,"column":0},"end":{"line":97,"column":2}}},"fnMap":{"0":{"name":"getRandomSongs","decl":{"start":{"line":5,"column":15},"end":{"line":5,"column":29}},"loc":{"start":{"line":5,"column":95},"end":{"line":48,"column":1}},"line":5},"1":{"name":"(anonymous_1)","decl":{"start":{"line":20,"column":37},"end":{"line":20,"column":38}},"loc":{"start":{"line":20,"column":45},"end":{"line":23,"column":13}},"line":20},"2":{"name":"(anonymous_2)","decl":{"start":{"line":32,"column":36},"end":{"line":32,"column":37}},"loc":{"start":{"line":32,"column":42},"end":{"line":32,"column":61}},"line":32},"3":{"name":"(anonymous_3)","decl":{"start":{"line":34,"column":42},"end":{"line":34,"column":43}},"loc":{"start":{"line":34,"column":48},"end":{"line":34,"column":67}},"line":34},"4":{"name":"(anonymous_4)","decl":{"start":{"line":38,"column":28},"end":{"line":38,"column":29}},"loc":{"start":{"line":38,"column":37},"end":{"line":43,"column":9}},"line":38},"5":{"name":"searchAndGetPreview","decl":{"start":{"line":52,"column":15},"end":{"line":52,"column":34}},"loc":{"start":{"line":52,"column":64},"end":{"line":90,"column":1}},"line":52}},"branchMap":{"0":{"loc":{"start":{"line":5,"column":30},"end":{"line":5,"column":43}},"type":"default-arg","locations":[{"start":{"line":5,"column":38},"end":{"line":5,"column":43}}],"line":5},"1":{"loc":{"start":{"line":5,"column":45},"end":{"line":5,"column":55}},"type":"default-arg","locations":[{"start":{"line":5,"column":53},"end":{"line":5,"column":55}}],"line":5},"2":{"loc":{"start":{"line":5,"column":57},"end":{"line":5,"column":72}},"type":"default-arg","locations":[{"start":{"line":5,"column":68},"end":{"line":5,"column":72}}],"line":5},"3":{"loc":{"start":{"line":5,"column":74},"end":{"line":5,"column":93}},"type":"default-arg","locations":[{"start":{"line":5,"column":87},"end":{"line":5,"column":93}}],"line":5},"4":{"loc":{"start":{"line":17,"column":8},"end":{"line":17,"column":56}},"type":"if","locations":[{"start":{"line":17,"column":8},"end":{"line":17,"column":56}},{"start":{},"end":{}}],"line":17},"5":{"loc":{"start":{"line":17,"column":12},"end":{"line":17,"column":44}},"type":"binary-expr","locations":[{"start":{"line":17,"column":12},"end":{"line":17,"column":20}},{"start":{"line":17,"column":24},"end":{"line":17,"column":44}}],"line":17},"6":{"loc":{"start":{"line":19,"column":8},"end":{"line":27,"column":9}},"type":"if","locations":[{"start":{"line":19,"column":8},"end":{"line":27,"column":9}},{"start":{},"end":{}}],"line":19},"7":{"loc":{"start":{"line":21,"column":32},"end":{"line":21,"column":52}},"type":"binary-expr","locations":[{"start":{"line":21,"column":32},"end":{"line":21,"column":46}},{"start":{"line":21,"column":50},"end":{"line":21,"column":52}}],"line":21},"8":{"loc":{"start":{"line":21,"column":56},"end":{"line":21,"column":77}},"type":"binary-expr","locations":[{"start":{"line":21,"column":56},"end":{"line":21,"column":71}},{"start":{"line":21,"column":75},"end":{"line":21,"column":77}}],"line":21},"9":{"loc":{"start":{"line":21,"column":81},"end":{"line":21,"column":106}},"type":"binary-expr","locations":[{"start":{"line":21,"column":81},"end":{"line":21,"column":100}},{"start":{"line":21,"column":104},"end":{"line":21,"column":106}}],"line":21},"10":{"loc":{"start":{"line":24,"column":12},"end":{"line":26,"column":13}},"type":"if","locations":[{"start":{"line":24,"column":12},"end":{"line":26,"column":13}},{"start":{},"end":{}}],"line":24},"11":{"loc":{"start":{"line":30,"column":8},"end":{"line":36,"column":9}},"type":"if","locations":[{"start":{"line":30,"column":8},"end":{"line":36,"column":9}},{"start":{"line":33,"column":15},"end":{"line":36,"column":9}}],"line":30},"12":{"loc":{"start":{"line":52,"column":50},"end":{"line":52,"column":62}},"type":"default-arg","locations":[{"start":{"line":52,"column":58},"end":{"line":52,"column":62}}],"line":52},"13":{"loc":{"start":{"line":56,"column":25},"end":{"line":56,"column":76}},"type":"cond-expr","locations":[{"start":{"line":56,"column":33},"end":{"line":56,"column":60}},{"start":{"line":56,"column":63},"end":{"line":56,"column":76}}],"line":56},"14":{"loc":{"start":{"line":71,"column":8},"end":{"line":83,"column":9}},"type":"if","locations":[{"start":{"line":71,"column":8},"end":{"line":83,"column":9}},{"start":{},"end":{}}],"line":71},"15":{"loc":{"start":{"line":71,"column":12},"end":{"line":71,"column":69}},"type":"binary-expr","locations":[{"start":{"line":71,"column":12},"end":{"line":71,"column":33}},{"start":{"line":71,"column":37},"end":{"line":71,"column":69}}],"line":71},"16":{"loc":{"start":{"line":75,"column":12},"end":{"line":75,"column":47}},"type":"if","locations":[{"start":{"line":75,"column":12},"end":{"line":75,"column":47}},{"start":{},"end":{}}],"line":75}},"s":{"0":3,"1":3,"2":7,"3":7,"4":6,"5":6,"6":1,"7":5,"8":1,"9":3,"10":3,"11":1,"12":0,"13":5,"14":1,"15":1,"16":518,"17":4,"18":10,"19":4,"20":5,"21":16,"22":1,"23":1,"24":16,"25":16,"26":16,"27":16,"28":14,"29":13,"30":13,"31":4,"32":9,"33":1,"34":2,"35":3},"f":{"0":7,"1":3,"2":518,"3":10,"4":16,"5":16},"b":{"0":[0],"1":[0],"2":[2],"3":[2],"4":[1,5],"5":[6,6],"6":[1,4],"7":[3,0],"8":[3,0],"9":[3,3],"10":[0,1],"11":[1,4],"12":[1],"13":[15,1],"14":[13,1],"15":[14,14],"16":[4,9]},"_coverageSchema":"1a1c01bbd47fc00a2c39e90264f33305004495a9","hash":"1686390d31641e0cc19f93ac690c760f23371a8e"}
,"C:\\Users\\AndreaFiorucci\\Documents\\Progetti\\Fjordo\\party-song-guess\\app\\server\\utils\\checkAnswer.js": {"path":"C:\\Users\\AndreaFiorucci\\Documents\\Progetti\\Fjordo\\party-song-guess\\app\\server\\utils\\checkAnswer.js","statementMap":{"0":{"start":{"line":8,"column":4},"end":{"line":8,"column":40}},"1":{"start":{"line":8,"column":27},"end":{"line":8,"column":40}},"2":{"start":{"line":11,"column":18},"end":{"line":18,"column":19}},"3":{"start":{"line":12,"column":8},"end":{"line":18,"column":19}},"4":{"start":{"line":20,"column":14},"end":{"line":20,"column":26}},"5":{"start":{"line":21,"column":14},"end":{"line":21,"column":27}},"6":{"start":{"line":23,"column":4},"end":{"line":23,"column":31}},"7":{"start":{"line":23,"column":18},"end":{"line":23,"column":31}},"8":{"start":{"line":26,"column":4},"end":{"line":26,"column":29}},"9":{"start":{"line":26,"column":17},"end":{"line":26,"column":29}},"10":{"start":{"line":27,"column":4},"end":{"line":27,"column":52}},"11":{"start":{"line":27,"column":40},"end":{"line":27,"column":52}},"12":{"start":{"line":30,"column":19},"end":{"line":30,"column":52}},"13":{"start":{"line":31,"column":19},"end":{"line":31,"column":40}},"14":{"start":{"line":32,"column":19},"end":{"line":32,"column":54}},"15":{"start":{"line":32,"column":40},"end":{"line":32,"column":53}},"16":{"start":{"line":33,"column":4},"end":{"line":35,"column":5}},"17":{"start":{"line":34,"column":8},"end":{"line":34,"column":20}},"18":{"start":{"line":38,"column":23},"end":{"line":61,"column":5}},"19":{"start":{"line":39,"column":21},"end":{"line":39,"column":30}},"20":{"start":{"line":40,"column":21},"end":{"line":40,"column":30}},"21":{"start":{"line":41,"column":8},"end":{"line":41,"column":47}},"22":{"start":{"line":41,"column":38},"end":{"line":41,"column":47}},"23":{"start":{"line":43,"column":19},"end":{"line":43,"column":86}},"24":{"start":{"line":43,"column":58},"end":{"line":43,"column":85}},"25":{"start":{"line":44,"column":8},"end":{"line":44,"column":53}},"26":{"start":{"line":44,"column":21},"end":{"line":44,"column":22}},"27":{"start":{"line":44,"column":40},"end":{"line":44,"column":53}},"28":{"start":{"line":45,"column":8},"end":{"line":45,"column":53}},"29":{"start":{"line":45,"column":21},"end":{"line":45,"column":22}},"30":{"start":{"line":45,"column":40},"end":{"line":45,"column":53}},"31":{"start":{"line":47,"column":8},"end":{"line":56,"column":9}},"32":{"start":{"line":47,"column":21},"end":{"line":47,"column":22}},"33":{"start":{"line":48,"column":12},"end":{"line":55,"column":13}},"34":{"start":{"line":48,"column":25},"end":{"line":48,"column":26}},"35":{"start":{"line":49,"column":29},"end":{"line":49,"column":60}},"36":{"start":{"line":50,"column":16},"end":{"line":54,"column":18}},"37":{"start":{"line":58,"column":21},"end":{"line":58,"column":35}},"38":{"start":{"line":59,"column":23},"end":{"line":59,"column":43}},"39":{"start":{"line":60,"column":8},"end":{"line":60,"column":33}},"40":{"start":{"line":64,"column":4},"end":{"line":64,"column":35}},"41":{"start":{"line":67,"column":0},"end":{"line":67,"column":33}}},"fnMap":{"0":{"name":"checkAnswer","decl":{"start":{"line":7,"column":9},"end":{"line":7,"column":20}},"loc":{"start":{"line":7,"column":36},"end":{"line":65,"column":1}},"line":7},"1":{"name":"(anonymous_1)","decl":{"start":{"line":11,"column":18},"end":{"line":11,"column":19}},"loc":{"start":{"line":12,"column":8},"end":{"line":18,"column":19}},"line":12},"2":{"name":"(anonymous_2)","decl":{"start":{"line":32,"column":33},"end":{"line":32,"column":34}},"loc":{"start":{"line":32,"column":40},"end":{"line":32,"column":53}},"line":32},"3":{"name":"(anonymous_3)","decl":{"start":{"line":38,"column":23},"end":{"line":38,"column":24}},"loc":{"start":{"line":38,"column":35},"end":{"line":61,"column":5}},"line":38},"4":{"name":"(anonymous_4)","decl":{"start":{"line":43,"column":52},"end":{"line":43,"column":53}},"loc":{"start":{"line":43,"column":58},"end":{"line":43,"column":85}},"line":43}},"branchMap":{"0":{"loc":{"start":{"line":8,"column":4},"end":{"line":8,"column":40}},"type":"if","locations":[{"start":{"line":8,"column":4},"end":{"line":8,"column":40}},{"start":{},"end":{}}],"line":8},"1":{"loc":{"start":{"line":8,"column":8},"end":{"line":8,"column":25}},"type":"binary-expr","locations":[{"start":{"line":8,"column":8},"end":{"line":8,"column":14}},{"start":{"line":8,"column":18},"end":{"line":8,"column":25}}],"line":8},"2":{"loc":{"start":{"line":23,"column":4},"end":{"line":23,"column":31}},"type":"if","locations":[{"start":{"line":23,"column":4},"end":{"line":23,"column":31}},{"start":{},"end":{}}],"line":23},"3":{"loc":{"start":{"line":23,"column":8},"end":{"line":23,"column":16}},"type":"binary-expr","locations":[{"start":{"line":23,"column":8},"end":{"line":23,"column":10}},{"start":{"line":23,"column":14},"end":{"line":23,"column":16}}],"line":23},"4":{"loc":{"start":{"line":26,"column":4},"end":{"line":26,"column":29}},"type":"if","locations":[{"start":{"line":26,"column":4},"end":{"line":26,"column":29}},{"start":{},"end":{}}],"line":26},"5":{"loc":{"start":{"line":27,"column":4},"end":{"line":27,"column":52}},"type":"if","locations":[{"start":{"line":27,"column":4},"end":{"line":27,"column":52}},{"start":{},"end":{}}],"line":27},"6":{"loc":{"start":{"line":27,"column":8},"end":{"line":27,"column":38}},"type":"binary-expr","locations":[{"start":{"line":27,"column":8},"end":{"line":27,"column":21}},{"start":{"line":27,"column":25},"end":{"line":27,"column":38}}],"line":27},"7":{"loc":{"start":{"line":33,"column":4},"end":{"line":35,"column":5}},"type":"if","locations":[{"start":{"line":33,"column":4},"end":{"line":35,"column":5}},{"start":{},"end":{}}],"line":33},"8":{"loc":{"start":{"line":33,"column":8},"end":{"line":33,"column":65}},"type":"binary-expr","locations":[{"start":{"line":33,"column":8},"end":{"line":33,"column":25}},{"start":{"line":33,"column":29},"end":{"line":33,"column":65}}],"line":33},"9":{"loc":{"start":{"line":41,"column":8},"end":{"line":41,"column":47}},"type":"if","locations":[{"start":{"line":41,"column":8},"end":{"line":41,"column":47}},{"start":{},"end":{}}],"line":41},"10":{"loc":{"start":{"line":41,"column":12},"end":{"line":41,"column":36}},"type":"binary-expr","locations":[{"start":{"line":41,"column":12},"end":{"line":41,"column":22}},{"start":{"line":41,"column":26},"end":{"line":41,"column":36}}],"line":41},"11":{"loc":{"start":{"line":49,"column":29},"end":{"line":49,"column":60}},"type":"cond-expr","locations":[{"start":{"line":49,"column":55},"end":{"line":49,"column":56}},{"start":{"line":49,"column":59},"end":{"line":49,"column":60}}],"line":49}},"s":{"0":90,"1":9,"2":81,"3":162,"4":81,"5":81,"6":81,"7":2,"8":79,"9":43,"10":36,"11":18,"12":18,"13":18,"14":18,"15":37,"16":18,"17":6,"18":12,"19":12,"20":12,"21":12,"22":0,"23":12,"24":97,"25":12,"26":12,"27":97,"28":12,"29":12,"30":106,"31":12,"32":12,"33":85,"34":85,"35":776,"36":776,"37":12,"38":12,"39":12,"40":12,"41":2},"f":{"0":90,"1":162,"2":37,"3":12,"4":97},"b":{"0":[9,81],"1":[90,84],"2":[2,79],"3":[81,80],"4":[43,36],"5":[18,18],"6":[36,29],"7":[6,12],"8":[18,18],"9":[0,12],"10":[12,12],"11":[64,712]},"_coverageSchema":"1a1c01bbd47fc00a2c39e90264f33305004495a9","hash":"5ce0ac795453e31aa03ed4d9fc44d67b46739b60"}
,"C:\\Users\\AndreaFiorucci\\Documents\\Progetti\\Fjordo\\party-song-guess\\app\\server\\utils\\languageDetection.js": {"path":"C:\\Users\\AndreaFiorucci\\Documents\\Progetti\\Fjordo\\party-song-guess\\app\\server\\utils\\languageDetection.js","statementMap":{"0":{"start":{"line":7,"column":4},"end":{"line":7,"column":27}},"1":{"start":{"line":7,"column":15},"end":{"line":7,"column":27}},"2":{"start":{"line":8,"column":14},"end":{"line":8,"column":32}},"3":{"start":{"line":9,"column":18},"end":{"line":9,"column":48}},"4":{"start":{"line":11,"column":19},"end":{"line":11,"column":42}},"5":{"start":{"line":13,"column":20},"end":{"line":13,"column":116}},"6":{"start":{"line":14,"column":20},"end":{"line":14,"column":89}},"7":{"start":{"line":15,"column":20},"end":{"line":15,"column":73}},"8":{"start":{"line":17,"column":4},"end":{"line":21,"column":5}},"9":{"start":{"line":18,"column":8},"end":{"line":18,"column":48}},"10":{"start":{"line":18,"column":33},"end":{"line":18,"column":48}},"11":{"start":{"line":19,"column":8},"end":{"line":19,"column":48}},"12":{"start":{"line":19,"column":33},"end":{"line":19,"column":48}},"13":{"start":{"line":20,"column":8},"end":{"line":20,"column":48}},"14":{"start":{"line":20,"column":33},"end":{"line":20,"column":48}},"15":{"start":{"line":24,"column":4},"end":{"line":24,"column":43}},"16":{"start":{"line":24,"column":28},"end":{"line":24,"column":43}},"17":{"start":{"line":25,"column":4},"end":{"line":25,"column":43}},"18":{"start":{"line":25,"column":28},"end":{"line":25,"column":43}},"19":{"start":{"line":27,"column":20},"end":{"line":27,"column":42}},"20":{"start":{"line":28,"column":4},"end":{"line":28,"column":40}},"21":{"start":{"line":28,"column":27},"end":{"line":28,"column":38}},"22":{"start":{"line":29,"column":34},"end":{"line":29,"column":44}},"23":{"start":{"line":30,"column":4},"end":{"line":30,"column":36}},"24":{"start":{"line":30,"column":24},"end":{"line":30,"column":36}},"25":{"start":{"line":31,"column":4},"end":{"line":31,"column":20}},"26":{"start":{"line":34,"column":0},"end":{"line":34,"column":36}}},"fnMap":{"0":{"name":"detectLanguage","decl":{"start":{"line":6,"column":9},"end":{"line":6,"column":23}},"loc":{"start":{"line":6,"column":30},"end":{"line":32,"column":1}},"line":6},"1":{"name":"(anonymous_1)","decl":{"start":{"line":28,"column":17},"end":{"line":28,"column":18}},"loc":{"start":{"line":28,"column":27},"end":{"line":28,"column":38}},"line":28}},"branchMap":{"0":{"loc":{"start":{"line":7,"column":4},"end":{"line":7,"column":27}},"type":"if","locations":[{"start":{"line":7,"column":4},"end":{"line":7,"column":27}},{"start":{},"end":{}}],"line":7},"1":{"loc":{"start":{"line":18,"column":8},"end":{"line":18,"column":48}},"type":"if","locations":[{"start":{"line":18,"column":8},"end":{"line":18,"column":48}},{"start":{},"end":{}}],"line":18},"2":{"loc":{"start":{"line":19,"column":8},"end":{"line":19,"column":48}},"type":"if","locations":[{"start":{"line":19,"column":8},"end":{"line":19,"column":48}},{"start":{},"end":{}}],"line":19},"3":{"loc":{"start":{"line":20,"column":8},"end":{"line":20,"column":48}},"type":"if","locations":[{"start":{"line":20,"column":8},"end":{"line":20,"column":48}},{"start":{},"end":{}}],"line":20},"4":{"loc":{"start":{"line":24,"column":4},"end":{"line":24,"column":43}},"type":"if","locations":[{"start":{"line":24,"column":4},"end":{"line":24,"column":43}},{"start":{},"end":{}}],"line":24},"5":{"loc":{"start":{"line":25,"column":4},"end":{"line":25,"column":43}},"type":"if","locations":[{"start":{"line":25,"column":4},"end":{"line":25,"column":43}},{"start":{},"end":{}}],"line":25},"6":{"loc":{"start":{"line":30,"column":4},"end":{"line":30,"column":36}},"type":"if","locations":[{"start":{"line":30,"column":4},"end":{"line":30,"column":36}},{"start":{},"end":{}}],"line":30}},"s":{"0":52,"1":3,"2":49,"3":49,"4":49,"5":49,"6":49,"7":49,"8":49,"9":129,"10":12,"11":129,"12":9,"13":129,"14":28,"15":49,"16":6,"17":49,"18":9,"19":49,"20":49,"21":137,"22":49,"23":49,"24":5,"25":44,"26":3},"f":{"0":52,"1":137},"b":{"0":[3,49],"1":[12,117],"2":[9,120],"3":[28,101],"4":[6,43],"5":[9,40],"6":[5,44]},"_coverageSchema":"1a1c01bbd47fc00a2c39e90264f33305004495a9","hash":"4b79d6ce494d8ea1b80228599552df7dfa49e58f"}
}
