TN:
SF:services\aiService.js
FN:6,getSongListFromAI
FNF:1
FNH:1
FNDA:16,getSongListFromAI
DA:1,2
DA:4,2
DA:8,16
DA:10,16
DA:18,16
DA:27,16
DA:28,16
DA:29,14
DA:30,14
DA:32,3
DA:33,3
DA:37,2
LF:12
LH:12
BRDA:20,0,0,16
BRDA:20,0,1,1
BRDA:21,1,0,16
BRDA:21,1,1,3
BRDA:22,2,0,3
BRDA:22,2,1,13
BRF:6
BRH:6
end_of_record
TN:
SF:services\musicService.js
FN:5,getRandomSongs
FN:20,(anonymous_1)
FN:32,(anonymous_2)
FN:34,(anonymous_3)
FN:38,(anonymous_4)
FN:52,searchAndGetPreview
FNF:6
FNH:6
FNDA:7,getRandomSongs
FNDA:3,(anonymous_1)
FNDA:518,(anonymous_2)
FNDA:10,(anonymous_3)
FNDA:16,(anonymous_4)
FNDA:16,searchAndGetPreview
DA:1,3
DA:2,3
DA:6,7
DA:7,7
DA:16,6
DA:17,6
DA:19,5
DA:20,1
DA:21,3
DA:22,3
DA:24,1
DA:25,0
DA:30,5
DA:31,1
DA:32,518
DA:34,10
DA:35,4
DA:38,16
DA:45,1
DA:46,1
DA:53,16
DA:56,16
DA:59,16
DA:61,16
DA:71,14
DA:72,13
DA:75,13
DA:77,9
DA:84,1
DA:88,2
DA:94,3
LF:31
LH:30
BRDA:5,0,0,0
BRDA:5,1,0,0
BRDA:5,2,0,2
BRDA:5,3,0,2
BRDA:17,4,0,1
BRDA:17,4,1,5
BRDA:17,5,0,6
BRDA:17,5,1,6
BRDA:19,6,0,1
BRDA:19,6,1,4
BRDA:21,7,0,3
BRDA:21,7,1,0
BRDA:21,8,0,3
BRDA:21,8,1,0
BRDA:21,9,0,3
BRDA:21,9,1,3
BRDA:24,10,0,0
BRDA:24,10,1,1
BRDA:30,11,0,1
BRDA:30,11,1,4
BRDA:52,12,0,1
BRDA:56,13,0,15
BRDA:56,13,1,1
BRDA:71,14,0,13
BRDA:71,14,1,1
BRDA:71,15,0,14
BRDA:71,15,1,14
BRDA:75,16,0,4
BRDA:75,16,1,9
BRF:29
BRH:24
end_of_record
TN:
SF:utils\checkAnswer.js
FN:7,checkAnswer
FN:11,(anonymous_1)
FN:32,(anonymous_2)
FN:38,(anonymous_3)
FN:43,(anonymous_4)
FNF:5
FNH:5
FNDA:90,checkAnswer
FNDA:162,(anonymous_1)
FNDA:37,(anonymous_2)
FNDA:12,(anonymous_3)
FNDA:97,(anonymous_4)
DA:8,90
DA:11,81
DA:12,162
DA:20,81
DA:21,81
DA:23,81
DA:26,79
DA:27,36
DA:30,18
DA:31,18
DA:32,37
DA:33,18
DA:34,6
DA:38,12
DA:39,12
DA:40,12
DA:41,12
DA:43,97
DA:44,97
DA:45,106
DA:47,12
DA:48,85
DA:49,776
DA:50,776
DA:58,12
DA:59,12
DA:60,12
DA:64,12
DA:67,2
LF:29
LH:29
BRDA:8,0,0,9
BRDA:8,0,1,81
BRDA:8,1,0,90
BRDA:8,1,1,84
BRDA:23,2,0,2
BRDA:23,2,1,79
BRDA:23,3,0,81
BRDA:23,3,1,80
BRDA:26,4,0,43
BRDA:26,4,1,36
BRDA:27,5,0,18
BRDA:27,5,1,18
BRDA:27,6,0,36
BRDA:27,6,1,29
BRDA:33,7,0,6
BRDA:33,7,1,12
BRDA:33,8,0,18
BRDA:33,8,1,18
BRDA:41,9,0,0
BRDA:41,9,1,12
BRDA:41,10,0,12
BRDA:41,10,1,12
BRDA:49,11,0,64
BRDA:49,11,1,712
BRF:24
BRH:23
end_of_record
TN:
SF:utils\languageDetection.js
FN:6,detectLanguage
FN:28,(anonymous_1)
FNF:2
FNH:2
FNDA:52,detectLanguage
FNDA:137,(anonymous_1)
DA:7,52
DA:8,49
DA:9,49
DA:11,49
DA:13,49
DA:14,49
DA:15,49
DA:17,49
DA:18,129
DA:19,129
DA:20,129
DA:24,49
DA:25,49
DA:27,49
DA:28,137
DA:29,49
DA:30,49
DA:31,44
DA:34,3
LF:19
LH:19
BRDA:7,0,0,3
BRDA:7,0,1,49
BRDA:18,1,0,12
BRDA:18,1,1,117
BRDA:19,2,0,9
BRDA:19,2,1,120
BRDA:20,3,0,28
BRDA:20,3,1,101
BRDA:24,4,0,6
BRDA:24,4,1,43
BRDA:25,5,0,9
BRDA:25,5,1,40
BRDA:30,6,0,5
BRDA:30,6,1,44
BRF:14
BRH:14
end_of_record
